This file contains any messages produced by compilers while
running configure, to aid debugging if configure makes a mistake.

configure:559: checking for a BSD compatible install
configure:612: checking whether build environment is sane
configure:669: checking whether make sets ${MAKE}
configure:715: checking for working aclocal
configure:728: checking for working autoconf
configure:741: checking for working automake
configure:754: checking for working autoheader
configure:767: checking for working makeinfo
configure:784: checking for gcc
configure:897: checking whether the C compiler (gcc  ) works
configure:913: gcc -o conftest    conftest.c  1>&5
configure:939: checking whether the C compiler (gcc  ) is a cross-compiler
configure:944: checking whether we are using GNU C
configure:972: checking whether gcc accepts -g
configure:1015: checking for a BSD compatible install
configure:1068: checking whether make sets ${MAKE}
configure:1096: checking how to run the C preprocessor
configure:1176: checking for AIX
configure:1203: checking for ANSI C header files
configure:1308: checking for working const
configure:1383: checking for size_t
configure:1416: checking whether time.h and sys/time.h may both be included
configure:1454: checking for perl
configure:1493: checking for nroff
